<?xml version="1.0" encoding="UTF-8"?>
<testng-results skipped="0" failed="1" ignored="0" total="1" passed="0">
  <reporter-output>
  </reporter-output>
  <suite name="Default suite" duration-ms="23294" started-at="2018-10-09T03:30:26Z" finished-at="2018-10-09T03:30:49Z">
    <groups>
    </groups>
    <test name="Default test" duration-ms="23294" started-at="2018-10-09T03:30:26Z" finished-at="2018-10-09T03:30:49Z">
      <class name="smart.Login_TestNG">
        <test-method status="PASS" signature="beforeSuite()[pri:0, instance:smart.Login_TestNG@1e88b3c]" name="beforeSuite" is-config="true" duration-ms="16" started-at="2018-10-09T03:30:26Z" finished-at="2018-10-09T03:30:26Z">
          <reporter-output>
          </reporter-output>
        </test-method> <!-- beforeSuite -->
        <test-method status="PASS" signature="beforeTest()[pri:0, instance:smart.Login_TestNG@1e88b3c]" name="beforeTest" is-config="true" duration-ms="1" started-at="2018-10-09T03:30:26Z" finished-at="2018-10-09T03:30:26Z">
          <reporter-output>
          </reporter-output>
        </test-method> <!-- beforeTest -->
        <test-method status="PASS" signature="beforeClass()[pri:0, instance:smart.Login_TestNG@1e88b3c]" name="beforeClass" is-config="true" duration-ms="0" started-at="2018-10-09T03:30:26Z" finished-at="2018-10-09T03:30:26Z">
          <reporter-output>
          </reporter-output>
        </test-method> <!-- beforeClass -->
        <test-method status="FAIL" signature="login()[pri:0, instance:smart.Login_TestNG@1e88b3c]" name="login" duration-ms="23266" started-at="2018-10-09T03:30:26Z" finished-at="2018-10-09T03:30:49Z">
          <exception class="java.lang.NullPointerException">
            <full-stacktrace>
              <![CDATA[java.lang.NullPointerException
at java.util.Objects.requireNonNull(Unknown Source)
at org.openqa.selenium.support.ui.FluentWait.<init>(FluentWait.java:115)
at org.openqa.selenium.support.ui.WebDriverWait.<init>(WebDriverWait.java:102)
at org.openqa.selenium.support.ui.WebDriverWait.<init>(WebDriverWait.java:64)
at smartPageModals.Login.login(Login.java:34)
at smart.Login_TestNG.login(Login_TestNG.java:30)
at sun.reflect.NativeMethodAccessorImpl.invoke0(Native Method)
at sun.reflect.NativeMethodAccessorImpl.invoke(Unknown Source)
at sun.reflect.DelegatingMethodAccessorImpl.invoke(Unknown Source)
at java.lang.reflect.Method.invoke(Unknown Source)
at org.testng.internal.MethodInvocationHelper.invokeMethod(MethodInvocationHelper.java:124)
at org.testng.internal.Invoker.invokeMethod(Invoker.java:580)
at org.testng.internal.Invoker.invokeTestMethod(Invoker.java:716)
at org.testng.internal.Invoker.invokeTestMethods(Invoker.java:988)
at org.testng.internal.TestMethodWorker.invokeTestMethods(TestMethodWorker.java:125)
at org.testng.internal.TestMethodWorker.run(TestMethodWorker.java:109)
at org.testng.TestRunner.privateRun(TestRunner.java:648)
at org.testng.TestRunner.run(TestRunner.java:505)
at org.testng.SuiteRunner.runTest(SuiteRunner.java:455)
at org.testng.SuiteRunner.runSequentially(SuiteRunner.java:450)
at org.testng.SuiteRunner.privateRun(SuiteRunner.java:415)
at org.testng.SuiteRunner.run(SuiteRunner.java:364)
at org.testng.SuiteRunnerWorker.runSuite(SuiteRunnerWorker.java:52)
at org.testng.SuiteRunnerWorker.run(SuiteRunnerWorker.java:84)
at org.testng.TestNG.runSuitesSequentially(TestNG.java:1208)
at org.testng.TestNG.runSuitesLocally(TestNG.java:1137)
at org.testng.TestNG.runSuites(TestNG.java:1049)
at org.testng.TestNG.run(TestNG.java:1017)
at org.testng.remote.AbstractRemoteTestNG.run(AbstractRemoteTestNG.java:114)
at org.testng.remote.RemoteTestNG.initAndRun(RemoteTestNG.java:251)
at org.testng.remote.RemoteTestNG.main(RemoteTestNG.java:77)
]]>
            </full-stacktrace>
          </exception> <!-- java.lang.NullPointerException -->
          <reporter-output>
          </reporter-output>
        </test-method> <!-- login -->
        <test-method status="PASS" signature="beforeMethod()[pri:0, instance:smart.Login_TestNG@1e88b3c]" name="beforeMethod" is-config="true" duration-ms="0" started-at="2018-10-09T03:30:26Z" finished-at="2018-10-09T03:30:26Z">
          <reporter-output>
          </reporter-output>
        </test-method> <!-- beforeMethod -->
        <test-method status="PASS" signature="afterMethod()[pri:0, instance:smart.Login_TestNG@1e88b3c]" name="afterMethod" is-config="true" duration-ms="1" started-at="2018-10-09T03:30:49Z" finished-at="2018-10-09T03:30:49Z">
          <reporter-output>
          </reporter-output>
        </test-method> <!-- afterMethod -->
        <test-method status="PASS" signature="afterClass()[pri:0, instance:smart.Login_TestNG@1e88b3c]" name="afterClass" is-config="true" duration-ms="0" started-at="2018-10-09T03:30:49Z" finished-at="2018-10-09T03:30:49Z">
          <reporter-output>
          </reporter-output>
        </test-method> <!-- afterClass -->
        <test-method status="PASS" signature="afterTest()[pri:0, instance:smart.Login_TestNG@1e88b3c]" name="afterTest" is-config="true" duration-ms="0" started-at="2018-10-09T03:30:49Z" finished-at="2018-10-09T03:30:49Z">
          <reporter-output>
          </reporter-output>
        </test-method> <!-- afterTest -->
        <test-method status="PASS" signature="afterSuite()[pri:0, instance:smart.Login_TestNG@1e88b3c]" name="afterSuite" is-config="true" duration-ms="0" started-at="2018-10-09T03:30:49Z" finished-at="2018-10-09T03:30:49Z">
          <reporter-output>
          </reporter-output>
        </test-method> <!-- afterSuite -->
      </class> <!-- smart.Login_TestNG -->
    </test> <!-- Default test -->
  </suite> <!-- Default suite -->
</testng-results>
